<?xml version="1.0" encoding="UTF-8"?>
<!-- Generated by org.testng.reporters.JUnitReportReporter -->
<testsuite hostname="PC192265" name="TrainingDay4.SeleniumGrid" tests="3" failures="0" timestamp="7 May 2015 06:42:03 GMT" time="79.158" errors="0">
  <testcase name="checkgmailEmail" time="38.805" classname="TrainingDay4.SeleniumGrid"/>
  <testcase name="checkgmailEmail" time="21.853" classname="TrainingDay4.SeleniumGrid"/>
  <testcase name="checkgmailEmail" time="18.500" classname="TrainingDay4.SeleniumGrid"/>
</testsuite> <!-- TrainingDay4.SeleniumGrid -->
